<?xml version="1.0" encoding="UTF-8"?>
<testsuites name="20191220_164816" timestamp="2019-12-20T16:48:16" time="50.747" tests="16" errors="4">
    <testsuite id="1" name="image_crop_with_astericks, Iteration 1 of 2" package="image_crop_with_astericks" hostname="CWVSFT525" timestamp="2019-12-20T16:48:18" time="26.790" tests="8" errors="2">
        <properties>
            <property name="Run From" value="CWVSFT525"/>
            <property name="Run OS" value="amd64 Windows 10 10.0"/>
            <property name="Run User" value="ak093674"/>
            <property name="Iteration" value="1 of 2"/>
            <property name="Script" value="image_crop_with_astericks.xlsx"/>
            <property name="image_crop_with_astericks.20191220_164818.001.xlsx_STF-563_A11.log" value="C:\projects\NewFeatures\image-compare\output\20191220_164816\logs\image_crop_with_astericks.20191220_164818.001.xlsx_STF-563_A11.log"/>
            <property name="Logs" value="C:\projects\NewFeatures\image-compare\output\20191220_164816\logs\nexial-20191220_164816.log"/>
            <property name="Data File" value="image_crop_with_astericks.data.xlsx"/>
            <property name="DataSheet(s)" value="#default"/>
            <property name="JAVA_OPT" value="-Dnexial.outputToCloud=true,-Dnexial.verbose=true,-Dnexial.scope.iteration=1-2"/>
            <property name="runtime args" value="-script C:\projects\NewFeatures\image-compare\artifact\script\image_crop_with_astericks.xlsx"/>
        </properties>
        <testcase id="TestCase" name="TestCase" classname="STF-563" timestamp="2019-12-20T16:48:20" time="24.447">
            <failure type="failure found in test activity" message="2 of 8 FAILED. Check http://172.20.161.13:8099/execution/image-compare/20191220_164816/image_crop_with_astericks.20191220_164818.001.xlsx for execution result, C:\projects\NewFeatures\image-compare\output\20191220_164816\logs\nexial-20191220_164816.log for execution logs"/>
            <system-out>Total : 8
                Passed: 6
                Failed: 2
                Output: http://172.20.161.13:8099/execution/image-compare/20191220_164816/image_crop_with_astericks.20191220_164818.001.xlsx
                Logs : C:\projects\NewFeatures\image-compare\output\20191220_164816\logs\nexial-20191220_164816.log
            </system-out>
        </testcase>
    </testsuite>
    <testsuite id="2" name="image_crop_with_astericks, Iteration 2 of 2" package="image_crop_with_astericks" hostname="CWVSFT525" timestamp="2019-12-20T16:48:47" time="17.605" tests="8" errors="2">
        <properties>
            <property name="Run From" value="CWVSFT525"/>
            <property name="Run OS" value="amd64 Windows 10 10.0"/>
            <property name="Run User" value="ak093674"/>
            <property name="Iteration" value="2 of 2"/>
            <property name="Script" value="image_crop_with_astericks.xlsx"/>
            <property name="image_crop_with_astericks.20191220_164818.001.xlsx_STF-563_A11.log" value="C:\projects\NewFeatures\image-compare\output\20191220_164816\logs\image_crop_with_astericks.20191220_164818.001.xlsx_STF-563_A11.log"/>
            <property name="image_crop_with_astericks.20191220_164847.002.xlsx_STF-563_A11.log" value="C:\projects\NewFeatures\image-compare\output\20191220_164816\logs\image_crop_with_astericks.20191220_164847.002.xlsx_STF-563_A11.log"/>
            <property name="Logs" value="C:\projects\NewFeatures\image-compare\output\20191220_164816\logs\nexial-20191220_164816.log"/>
            <property name="Data File" value="image_crop_with_astericks.data.xlsx"/>
            <property name="DataSheet(s)" value="#default"/>
            <property name="JAVA_OPT" value="-Dnexial.outputToCloud=true,-Dnexial.verbose=true,-Dnexial.scope.iteration=1-2"/>
            <property name="runtime args" value="-script C:\projects\NewFeatures\image-compare\artifact\script\image_crop_with_astericks.xlsx"/>
        </properties>
        <testcase id="TestCase" name="TestCase" classname="STF-563" timestamp="2019-12-20T16:48:48" time="16.286">
            <failure type="failure found in test activity" message="2 of 8 FAILED. Check http://172.20.161.13:8099/execution/image-compare/20191220_164816/image_crop_with_astericks.20191220_164847.002.xlsx for execution result, C:\projects\NewFeatures\image-compare\output\20191220_164816\logs\nexial-20191220_164816.log for execution logs"/>
            <system-out>Total : 8
                Passed: 6
                Failed: 2
                Output: http://172.20.161.13:8099/execution/image-compare/20191220_164816/image_crop_with_astericks.20191220_164847.002.xlsx
                Logs : C:\projects\NewFeatures\image-compare\output\20191220_164816\logs\nexial-20191220_164816.log
            </system-out>
        </testcase>
    </testsuite>
</testsuites>
